<?xml version="1.0" encoding="UTF-8"?>
<testng-results skipped="0" failed="0" total="1" passed="1">
  <reporter-output>
  </reporter-output>
  <suite name="Suite" duration-ms="25515" started-at="2017-05-01T05:13:59Z" finished-at="2017-05-01T05:14:24Z">
    <groups>
    </groups>
    <test name="Test" duration-ms="25515" started-at="2017-05-01T05:13:59Z" finished-at="2017-05-01T05:14:24Z">
      <class name="com.appln.tests.SearchBusFunctionality">
        <test-method status="PASS" signature="setUp()[pri:0, instance:com.appln.tests.SearchBusFunctionality@9629756]" name="setUp" is-config="true" duration-ms="10387" started-at="2017-05-01T10:43:59Z" finished-at="2017-05-01T10:44:09Z">
          <reporter-output>
          </reporter-output>
        </test-method> <!-- setUp -->
        <test-method status="PASS" signature="searchBusTicket()[pri:0, instance:com.appln.tests.SearchBusFunctionality@9629756]" name="searchBusTicket" duration-ms="12500" started-at="2017-05-01T10:44:09Z" finished-at="2017-05-01T10:44:22Z">
          <reporter-output>
          </reporter-output>
        </test-method> <!-- searchBusTicket -->
        <test-method status="PASS" signature="tearDown()[pri:0, instance:com.appln.tests.SearchBusFunctionality@9629756]" name="tearDown" is-config="true" duration-ms="2608" started-at="2017-05-01T10:44:22Z" finished-at="2017-05-01T10:44:24Z">
          <reporter-output>
          </reporter-output>
        </test-method> <!-- tearDown -->
      </class> <!-- com.appln.tests.SearchBusFunctionality -->
    </test> <!-- Test -->
  </suite> <!-- Suite -->
</testng-results>
