<?xml version="1.0" encoding="UTF-8"?>
<testng-results skipped="0" failed="0" total="1" passed="1">
  <reporter-output>
  </reporter-output>
  <suite name="Suite" duration-ms="27334" started-at="2017-05-01T07:41:18Z" finished-at="2017-05-01T07:41:45Z">
    <groups>
    </groups>
    <test name="Test" duration-ms="27334" started-at="2017-05-01T07:41:18Z" finished-at="2017-05-01T07:41:45Z">
      <class name="com.appln.tests.SearchBusFunctionality">
        <test-method status="PASS" signature="setUp()[pri:0, instance:com.appln.tests.SearchBusFunctionality@629f0666]" name="setUp" is-config="true" duration-ms="9610" started-at="2017-05-01T13:11:18Z" finished-at="2017-05-01T13:11:28Z">
          <reporter-output>
          </reporter-output>
        </test-method> <!-- setUp -->
        <test-method status="PASS" signature="searchBusTicket()[pri:0, instance:com.appln.tests.SearchBusFunctionality@629f0666]" name="searchBusTicket" duration-ms="15157" started-at="2017-05-01T13:11:28Z" finished-at="2017-05-01T13:11:43Z">
          <reporter-output>
          </reporter-output>
        </test-method> <!-- searchBusTicket -->
        <test-method status="PASS" signature="tearDown()[pri:0, instance:com.appln.tests.SearchBusFunctionality@629f0666]" name="tearDown" is-config="true" duration-ms="2547" started-at="2017-05-01T13:11:43Z" finished-at="2017-05-01T13:11:45Z">
          <reporter-output>
          </reporter-output>
        </test-method> <!-- tearDown -->
      </class> <!-- com.appln.tests.SearchBusFunctionality -->
    </test> <!-- Test -->
  </suite> <!-- Suite -->
</testng-results>
